<?xml version="1.0" encoding="UTF-8"?>
<!-- Generated by org.testng.reporters.JUnitReportReporter -->
<testsuite hostname="ilya-Lenovo-B590" name="MySelenideTest" tests="1" failures="0" timestamp="4 Jun 2018 17:20:07 GMT" time="7.785" errors="0">
  <testcase name="Case1" time="7.785" classname="MySelenideTest"/>
</testsuite> <!-- MySelenideTest -->
